{"C:\\Systeme-de-Gestion-de-Flotte-de-Vehicules\\services\\conducteur-service\\src\\assignations\\assignations.controller.ts": {"path":"C:\\Systeme-de-Gestion-de-Flotte-de-Vehicules\\services\\conducteur-service\\src\\assignations\\assignations.controller.ts","statementMap":{"0":{"start":{"line":1,"column":0},"end":{"line":1,"column":null}},"1":{"start":{"line":13,"column":0},"end":{"line":13,"column":null}},"2":{"start":{"line":20,"column":0},"end":{"line":20,"column":61}},"3":{"start":{"line":21,"column":0},"end":{"line":21,"column":68}},"4":{"start":{"line":22,"column":0},"end":{"line":22,"column":54}},"5":{"start":{"line":23,"column":0},"end":{"line":23,"column":49}},"6":{"start":{"line":24,"column":0},"end":{"line":24,"column":48}},"7":{"start":{"line":30,"column":7},"end":{"line":82,"column":null}},"8":{"start":{"line":31,"column":31},"end":{"line":31,"column":52}},"9":{"start":{"line":38,"column":4},"end":{"line":38,"column":46}},"10":{"start":{"line":48,"column":4},"end":{"line":48,"column":48}},"11":{"start":{"line":58,"column":4},"end":{"line":58,"column":48}},"12":{"start":{"line":69,"column":4},"end":{"line":69,"column":49}},"13":{"start":{"line":80,"column":4},"end":{"line":80,"column":48}},"14":{"start":{"line":30,"column":13},"end":{"line":30,"column":35}},"15":{"start":{"line":37,"column":2},"end":{"line":39,"column":null}},"16":{"start":{"line":47,"column":2},"end":{"line":49,"column":null}},"17":{"start":{"line":57,"column":2},"end":{"line":59,"column":null}},"18":{"start":{"line":68,"column":2},"end":{"line":70,"column":null}},"19":{"start":{"line":79,"column":2},"end":{"line":81,"column":null}},"20":{"start":{"line":30,"column":13},"end":{"line":82,"column":null}}},"fnMap":{"0":{"name":"(anonymous_4)","decl":{"start":{"line":31,"column":2},"end":{"line":31,"column":31}},"loc":{"start":{"line":31,"column":71},"end":{"line":31,"column":75}}},"1":{"name":"(anonymous_5)","decl":{"start":{"line":37,"column":2},"end":{"line":37,"column":9}},"loc":{"start":{"line":37,"column":9},"end":{"line":39,"column":3}}},"2":{"name":"(anonymous_6)","decl":{"start":{"line":47,"column":2},"end":{"line":47,"column":8}},"loc":{"start":{"line":47,"column":42},"end":{"line":49,"column":3}}},"3":{"name":"(anonymous_7)","decl":{"start":{"line":57,"column":2},"end":{"line":57,"column":9}},"loc":{"start":{"line":57,"column":48},"end":{"line":59,"column":3}}},"4":{"name":"(anonymous_8)","decl":{"start":{"line":68,"column":2},"end":{"line":68,"column":10}},"loc":{"start":{"line":68,"column":49},"end":{"line":70,"column":3}}},"5":{"name":"(anonymous_9)","decl":{"start":{"line":79,"column":2},"end":{"line":79,"column":9}},"loc":{"start":{"line":79,"column":48},"end":{"line":81,"column":3}}}},"branchMap":{},"s":{"0":1,"1":1,"2":1,"3":1,"4":1,"5":1,"6":1,"7":1,"8":6,"9":1,"10":1,"11":1,"12":1,"13":1,"14":1,"15":1,"16":1,"17":1,"18":1,"19":1,"20":1},"f":{"0":6,"1":1,"2":1,"3":1,"4":1,"5":1},"b":{}}
,"C:\\Systeme-de-Gestion-de-Flotte-de-Vehicules\\services\\conducteur-service\\src\\assignations\\assignations.service.ts": {"path":"C:\\Systeme-de-Gestion-de-Flotte-de-Vehicules\\services\\conducteur-service\\src\\assignations\\assignations.service.ts","statementMap":{"0":{"start":{"line":1,"column":0},"end":{"line":1,"column":null}},"1":{"start":{"line":7,"column":0},"end":{"line":7,"column":51}},"2":{"start":{"line":8,"column":0},"end":{"line":8,"column":37}},"3":{"start":{"line":9,"column":0},"end":{"line":9,"column":79}},"4":{"start":{"line":12,"column":0},"end":{"line":12,"column":56}},"5":{"start":{"line":13,"column":0},"end":{"line":13,"column":72}},"6":{"start":{"line":14,"column":0},"end":{"line":14,"column":49}},"7":{"start":{"line":15,"column":0},"end":{"line":15,"column":52}},"8":{"start":{"line":18,"column":32},"end":{"line":179,"column":null}},"9":{"start":{"line":23,"column":21},"end":{"line":23,"column":44}},"10":{"start":{"line":24,"column":21},"end":{"line":24,"column":36}},"11":{"start":{"line":25,"column":21},"end":{"line":25,"column":41}},"12":{"start":{"line":19,"column":19},"end":{"line":19,"column":65}},"13":{"start":{"line":29,"column":19},"end":{"line":29,"column":30}},"14":{"start":{"line":30,"column":17},"end":{"line":30,"column":57}},"15":{"start":{"line":31,"column":4},"end":{"line":43,"column":5}},"16":{"start":{"line":32,"column":27},"end":{"line":35,"column":8}},"17":{"start":{"line":36,"column":6},"end":{"line":36,"column":50}},"18":{"start":{"line":37,"column":6},"end":{"line":37,"column":26}},"19":{"start":{"line":39,"column":6},"end":{"line":39,"column":75}},"20":{"start":{"line":40,"column":6},"end":{"line":40,"column":16}},"21":{"start":{"line":42,"column":6},"end":{"line":42,"column":17}},"22":{"start":{"line":47,"column":19},"end":{"line":47,"column":30}},"23":{"start":{"line":48,"column":17},"end":{"line":48,"column":57}},"24":{"start":{"line":49,"column":4},"end":{"line":49,"column":44}},"25":{"start":{"line":50,"column":4},"end":{"line":65,"column":5}},"26":{"start":{"line":51,"column":26},"end":{"line":54,"column":8}},"27":{"start":{"line":55,"column":6},"end":{"line":57,"column":7}},"28":{"start":{"line":56,"column":8},"end":{"line":56,"column":69}},"29":{"start":{"line":58,"column":6},"end":{"line":58,"column":50}},"30":{"start":{"line":59,"column":6},"end":{"line":59,"column":25}},"31":{"start":{"line":61,"column":6},"end":{"line":61,"column":75}},"32":{"start":{"line":62,"column":6},"end":{"line":62,"column":16}},"33":{"start":{"line":64,"column":6},"end":{"line":64,"column":17}},"34":{"start":{"line":69,"column":19},"end":{"line":69,"column":30}},"35":{"start":{"line":70,"column":17},"end":{"line":70,"column":56}},"36":{"start":{"line":71,"column":4},"end":{"line":109,"column":5}},"37":{"start":{"line":72,"column":6},"end":{"line":72,"column":62}},"38":{"start":{"line":74,"column":25},"end":{"line":74,"column":86}},"39":{"start":{"line":75,"column":6},"end":{"line":79,"column":7}},"40":{"start":{"line":76,"column":8},"end":{"line":78,"column":10}},"41":{"start":{"line":81,"column":26},"end":{"line":87,"column":8}},"42":{"start":{"line":89,"column":20},"end":{"line":89,"column":70}},"43":{"start":{"line":91,"column":6},"end":{"line":99,"column":9}},"44":{"start":{"line":101,"column":6},"end":{"line":101,"column":50}},"45":{"start":{"line":102,"column":6},"end":{"line":102,"column":87}},"46":{"start":{"line":103,"column":6},"end":{"line":103,"column":19}},"47":{"start":{"line":105,"column":6},"end":{"line":105,"column":75}},"48":{"start":{"line":106,"column":6},"end":{"line":106,"column":16}},"49":{"start":{"line":108,"column":6},"end":{"line":108,"column":17}},"50":{"start":{"line":113,"column":19},"end":{"line":113,"column":30}},"51":{"start":{"line":114,"column":17},"end":{"line":114,"column":58}},"52":{"start":{"line":115,"column":4},"end":{"line":115,"column":44}},"53":{"start":{"line":116,"column":4},"end":{"line":140,"column":5}},"54":{"start":{"line":117,"column":26},"end":{"line":117,"column":48}},"55":{"start":{"line":119,"column":6},"end":{"line":121,"column":7}},"56":{"start":{"line":120,"column":8},"end":{"line":120,"column":67}},"57":{"start":{"line":122,"column":6},"end":{"line":124,"column":7}},"58":{"start":{"line":123,"column":8},"end":{"line":123,"column":88}},"59":{"start":{"line":126,"column":6},"end":{"line":126,"column":54}},"60":{"start":{"line":127,"column":6},"end":{"line":129,"column":7}},"61":{"start":{"line":128,"column":8},"end":{"line":128,"column":44}},"62":{"start":{"line":131,"column":20},"end":{"line":131,"column":70}},"63":{"start":{"line":132,"column":6},"end":{"line":132,"column":50}},"64":{"start":{"line":133,"column":6},"end":{"line":133,"column":53}},"65":{"start":{"line":134,"column":6},"end":{"line":134,"column":19}},"66":{"start":{"line":136,"column":6},"end":{"line":136,"column":75}},"67":{"start":{"line":137,"column":6},"end":{"line":137,"column":16}},"68":{"start":{"line":139,"column":6},"end":{"line":139,"column":17}},"69":{"start":{"line":144,"column":19},"end":{"line":144,"column":30}},"70":{"start":{"line":145,"column":17},"end":{"line":145,"column":57}},"71":{"start":{"line":146,"column":4},"end":{"line":146,"column":44}},"72":{"start":{"line":147,"column":4},"end":{"line":167,"column":5}},"73":{"start":{"line":148,"column":26},"end":{"line":148,"column":48}},"74":{"start":{"line":150,"column":6},"end":{"line":152,"column":7}},"75":{"start":{"line":151,"column":8},"end":{"line":151,"column":88}},"76":{"start":{"line":153,"column":6},"end":{"line":155,"column":7}},"77":{"start":{"line":154,"column":8},"end":{"line":154,"column":66}},"78":{"start":{"line":157,"column":6},"end":{"line":157,"column":53}},"79":{"start":{"line":158,"column":20},"end":{"line":158,"column":70}},"80":{"start":{"line":159,"column":6},"end":{"line":159,"column":50}},"81":{"start":{"line":160,"column":6},"end":{"line":160,"column":52}},"82":{"start":{"line":161,"column":6},"end":{"line":161,"column":19}},"83":{"start":{"line":163,"column":6},"end":{"line":163,"column":75}},"84":{"start":{"line":164,"column":6},"end":{"line":164,"column":16}},"85":{"start":{"line":166,"column":6},"end":{"line":166,"column":17}},"86":{"start":{"line":171,"column":24},"end":{"line":171,"column":46}},"87":{"start":{"line":172,"column":20},"end":{"line":176,"column":6}},"88":{"start":{"line":177,"column":4},"end":{"line":177,"column":52}},"89":{"start":{"line":18,"column":13},"end":{"line":18,"column":32}},"90":{"start":{"line":18,"column":13},"end":{"line":179,"column":null}}},"fnMap":{"0":{"name":"(anonymous_4)","decl":{"start":{"line":21,"column":2},"end":{"line":21,"column":null}},"loc":{"start":{"line":25,"column":59},"end":{"line":26,"column":6}}},"1":{"name":"(anonymous_5)","decl":{"start":{"line":28,"column":2},"end":{"line":28,"column":7}},"loc":{"start":{"line":28,"column":15},"end":{"line":44,"column":3}}},"2":{"name":"(anonymous_6)","decl":{"start":{"line":46,"column":2},"end":{"line":46,"column":7}},"loc":{"start":{"line":46,"column":26},"end":{"line":66,"column":3}}},"3":{"name":"(anonymous_7)","decl":{"start":{"line":68,"column":2},"end":{"line":68,"column":7}},"loc":{"start":{"line":68,"column":40},"end":{"line":110,"column":3}}},"4":{"name":"(anonymous_8)","decl":{"start":{"line":112,"column":2},"end":{"line":112,"column":7}},"loc":{"start":{"line":112,"column":27},"end":{"line":141,"column":3}}},"5":{"name":"(anonymous_9)","decl":{"start":{"line":143,"column":2},"end":{"line":143,"column":7}},"loc":{"start":{"line":143,"column":26},"end":{"line":168,"column":3}}},"6":{"name":"(anonymous_10)","decl":{"start":{"line":170,"column":2},"end":{"line":170,"column":7}},"loc":{"start":{"line":170,"column":52},"end":{"line":178,"column":3}}}},"branchMap":{"0":{"loc":{"start":{"line":55,"column":6},"end":{"line":57,"column":7}},"type":"if","locations":[{"start":{"line":55,"column":6},"end":{"line":57,"column":7}}]},"1":{"loc":{"start":{"line":75,"column":6},"end":{"line":79,"column":7}},"type":"if","locations":[{"start":{"line":75,"column":6},"end":{"line":79,"column":7}}]},"2":{"loc":{"start":{"line":85,"column":20},"end":{"line":85,"column":68}},"type":"cond-expr","locations":[{"start":{"line":85,"column":37},"end":{"line":85,"column":61}},{"start":{"line":85,"column":64},"end":{"line":85,"column":68}}]},"3":{"loc":{"start":{"line":119,"column":6},"end":{"line":121,"column":7}},"type":"if","locations":[{"start":{"line":119,"column":6},"end":{"line":121,"column":7}}]},"4":{"loc":{"start":{"line":122,"column":6},"end":{"line":124,"column":7}},"type":"if","locations":[{"start":{"line":122,"column":6},"end":{"line":124,"column":7}}]},"5":{"loc":{"start":{"line":127,"column":6},"end":{"line":129,"column":7}},"type":"if","locations":[{"start":{"line":127,"column":6},"end":{"line":129,"column":7}}]},"6":{"loc":{"start":{"line":150,"column":6},"end":{"line":152,"column":7}},"type":"if","locations":[{"start":{"line":150,"column":6},"end":{"line":152,"column":7}}]},"7":{"loc":{"start":{"line":153,"column":6},"end":{"line":155,"column":7}},"type":"if","locations":[{"start":{"line":153,"column":6},"end":{"line":155,"column":7}}]},"8":{"loc":{"start":{"line":174,"column":18},"end":{"line":174,"column":84}},"type":"cond-expr","locations":[{"start":{"line":174,"column":35},"end":{"line":174,"column":59}},{"start":{"line":174,"column":62},"end":{"line":174,"column":84}}]},"9":{"loc":{"start":{"line":175,"column":18},"end":{"line":175,"column":84}},"type":"cond-expr","locations":[{"start":{"line":175,"column":35},"end":{"line":175,"column":59}},{"start":{"line":175,"column":62},"end":{"line":175,"column":84}}]}},"s":{"0":2,"1":2,"2":2,"3":2,"4":2,"5":2,"6":2,"7":2,"8":2,"9":14,"10":14,"11":14,"12":14,"13":2,"14":2,"15":2,"16":2,"17":2,"18":2,"19":0,"20":0,"21":2,"22":9,"23":9,"24":9,"25":9,"26":9,"27":9,"28":2,"29":7,"30":7,"31":2,"32":2,"33":9,"34":3,"35":3,"36":3,"37":3,"38":2,"39":2,"40":1,"41":1,"42":1,"43":1,"44":1,"45":1,"46":1,"47":2,"48":2,"49":3,"50":4,"51":4,"52":4,"53":4,"54":4,"55":3,"56":1,"57":2,"58":1,"59":1,"60":1,"61":1,"62":1,"63":1,"64":1,"65":1,"66":3,"67":3,"68":4,"69":3,"70":3,"71":3,"72":3,"73":3,"74":3,"75":1,"76":2,"77":1,"78":1,"79":1,"80":1,"81":1,"82":1,"83":2,"84":2,"85":3,"86":0,"87":0,"88":0,"89":2,"90":2},"f":{"0":14,"1":2,"2":9,"3":3,"4":4,"5":3,"6":0},"b":{"0":[2],"1":[1],"2":[0,1],"3":[1],"4":[1],"5":[1],"6":[1],"7":[1],"8":[0,0],"9":[0,0]}}
,"C:\\Systeme-de-Gestion-de-Flotte-de-Vehicules\\services\\conducteur-service\\src\\assignations\\dto\\create-assignation.dto.ts": {"path":"C:\\Systeme-de-Gestion-de-Flotte-de-Vehicules\\services\\conducteur-service\\src\\assignations\\dto\\create-assignation.dto.ts","statementMap":{"0":{"start":{"line":1,"column":0},"end":{"line":1,"column":null}},"1":{"start":{"line":7,"column":0},"end":{"line":7,"column":67}},"2":{"start":{"line":8,"column":0},"end":{"line":8,"column":67}},"3":{"start":{"line":10,"column":0},"end":{"line":10,"column":13}},"4":{"start":{"line":13,"column":2},"end":{"line":13,"column":null}},"5":{"start":{"line":17,"column":2},"end":{"line":17,"column":null}},"6":{"start":{"line":21,"column":2},"end":{"line":21,"column":null}},"7":{"start":{"line":26,"column":2},"end":{"line":26,"column":null}},"8":{"start":{"line":35,"column":2},"end":{"line":35,"column":null}}},"fnMap":{},"branchMap":{},"s":{"0":1,"1":1,"2":1,"3":1,"4":1,"5":1,"6":1,"7":1,"8":1},"f":{},"b":{}}
,"C:\\Systeme-de-Gestion-de-Flotte-de-Vehicules\\services\\conducteur-service\\src\\assignations\\dto\\update-assignation.dto.ts": {"path":"C:\\Systeme-de-Gestion-de-Flotte-de-Vehicules\\services\\conducteur-service\\src\\assignations\\dto\\update-assignation.dto.ts","statementMap":{"0":{"start":{"line":1,"column":0},"end":{"line":1,"column":46}},"1":{"start":{"line":2,"column":0},"end":{"line":2,"column":64}},"2":{"start":{"line":4,"column":0},"end":{"line":4,"column":13}}},"fnMap":{},"branchMap":{},"s":{"0":0,"1":0,"2":0},"f":{},"b":{}}
,"C:\\Systeme-de-Gestion-de-Flotte-de-Vehicules\\services\\conducteur-service\\src\\assignations\\entities\\assignation.entity.ts": {"path":"C:\\Systeme-de-Gestion-de-Flotte-de-Vehicules\\services\\conducteur-service\\src\\assignations\\entities\\assignation.entity.ts","statementMap":{"0":{"start":{"line":1,"column":0},"end":{"line":1,"column":null}},"1":{"start":{"line":10,"column":0},"end":{"line":10,"column":74}},"2":{"start":{"line":12,"column":0},"end":{"line":12,"column":null}},"3":{"start":{"line":13,"column":2},"end":{"line":13,"column":null}},"4":{"start":{"line":14,"column":2},"end":{"line":14,"column":null}},"5":{"start":{"line":15,"column":2},"end":{"line":15,"column":null}},"6":{"start":{"line":16,"column":2},"end":{"line":16,"column":null}},"7":{"start":{"line":21,"column":7},"end":{"line":50,"column":null}},"8":{"start":{"line":21,"column":13},"end":{"line":21,"column":24}},"9":{"start":{"line":23,"column":2},"end":{"line":23,"column":null}},"10":{"start":{"line":26,"column":2},"end":{"line":26,"column":null}},"11":{"start":{"line":29,"column":2},"end":{"line":29,"column":null}},"12":{"start":{"line":32,"column":2},"end":{"line":32,"column":null}},"13":{"start":{"line":35,"column":2},"end":{"line":35,"column":null}},"14":{"start":{"line":42,"column":2},"end":{"line":42,"column":null}},"15":{"start":{"line":45,"column":2},"end":{"line":45,"column":null}},"16":{"start":{"line":49,"column":2},"end":{"line":49,"column":null}},"17":{"start":{"line":47,"column":19},"end":{"line":47,"column":29}},"18":{"start":{"line":47,"column":47},"end":{"line":47,"column":70}},"19":{"start":{"line":21,"column":13},"end":{"line":50,"column":null}}},"fnMap":{"0":{"name":"(anonymous_2)","decl":{"start":{"line":12,"column":0},"end":{"line":12,"column":12}},"loc":{"start":{"line":12,"column":29},"end":{"line":17,"column":1}}},"1":{"name":"(anonymous_3)","decl":{"start":{"line":47,"column":13},"end":{"line":47,"column":16}},"loc":{"start":{"line":47,"column":19},"end":{"line":47,"column":29}}},"2":{"name":"(anonymous_4)","decl":{"start":{"line":47,"column":31},"end":{"line":47,"column":32}},"loc":{"start":{"line":47,"column":47},"end":{"line":47,"column":70}}}},"branchMap":{"0":{"loc":{"start":{"line":12,"column":12},"end":{"line":12,"column":null}},"type":"binary-expr","locations":[{"start":{"line":12,"column":12},"end":{"line":12,"column":29}},{"start":{"line":12,"column":29},"end":{"line":12,"column":null}}]}},"s":{"0":5,"1":5,"2":5,"3":5,"4":5,"5":5,"6":5,"7":5,"8":5,"9":5,"10":5,"11":5,"12":5,"13":5,"14":5,"15":5,"16":5,"17":0,"18":0,"19":5},"f":{"0":5,"1":0,"2":0},"b":{"0":[5,5]}}
,"C:\\Systeme-de-Gestion-de-Flotte-de-Vehicules\\services\\conducteur-service\\src\\auth\\jwt-auth.guard.ts": {"path":"C:\\Systeme-de-Gestion-de-Flotte-de-Vehicules\\services\\conducteur-service\\src\\auth\\jwt-auth.guard.ts","statementMap":{"0":{"start":{"line":1,"column":0},"end":{"line":1,"column":85}},"1":{"start":{"line":2,"column":0},"end":{"line":2,"column":45}},"2":{"start":{"line":3,"column":0},"end":{"line":3,"column":41}},"3":{"start":{"line":5,"column":13},"end":{"line":5,"column":40}},"4":{"start":{"line":8,"column":7},"end":{"line":32,"column":null}},"5":{"start":{"line":10,"column":4},"end":{"line":10,"column":12}},"6":{"start":{"line":9,"column":22},"end":{"line":9,"column":33}},"7":{"start":{"line":14,"column":21},"end":{"line":17,"column":6}},"8":{"start":{"line":19,"column":4},"end":{"line":21,"column":5}},"9":{"start":{"line":20,"column":6},"end":{"line":20,"column":18}},"10":{"start":{"line":23,"column":4},"end":{"line":23,"column":38}},"11":{"start":{"line":27,"column":4},"end":{"line":29,"column":5}},"12":{"start":{"line":28,"column":6},"end":{"line":28,"column":79}},"13":{"start":{"line":30,"column":4},"end":{"line":30,"column":16}},"14":{"start":{"line":8,"column":13},"end":{"line":8,"column":25}},"15":{"start":{"line":8,"column":13},"end":{"line":32,"column":null}}},"fnMap":{"0":{"name":"(anonymous_2)","decl":{"start":{"line":9,"column":2},"end":{"line":9,"column":22}},"loc":{"start":{"line":9,"column":42},"end":{"line":11,"column":3}}},"1":{"name":"(anonymous_3)","decl":{"start":{"line":13,"column":2},"end":{"line":13,"column":13}},"loc":{"start":{"line":13,"column":39},"end":{"line":24,"column":3}}},"2":{"name":"(anonymous_4)","decl":{"start":{"line":26,"column":2},"end":{"line":26,"column":15}},"loc":{"start":{"line":26,"column":35},"end":{"line":31,"column":3}}}},"branchMap":{"0":{"loc":{"start":{"line":19,"column":4},"end":{"line":21,"column":5}},"type":"if","locations":[{"start":{"line":19,"column":4},"end":{"line":21,"column":5}}]},"1":{"loc":{"start":{"line":27,"column":4},"end":{"line":29,"column":5}},"type":"if","locations":[{"start":{"line":27,"column":4},"end":{"line":29,"column":5}}]},"2":{"loc":{"start":{"line":27,"column":8},"end":{"line":27,"column":20}},"type":"binary-expr","locations":[{"start":{"line":27,"column":8},"end":{"line":27,"column":11}},{"start":{"line":27,"column":15},"end":{"line":27,"column":20}}]},"3":{"loc":{"start":{"line":28,"column":12},"end":{"line":28,"column":78}},"type":"binary-expr","locations":[{"start":{"line":28,"column":12},"end":{"line":28,"column":15}},{"start":{"line":28,"column":19},"end":{"line":28,"column":78}}]}},"s":{"0":4,"1":4,"2":4,"3":4,"4":4,"5":7,"6":7,"7":3,"8":3,"9":1,"10":2,"11":5,"12":4,"13":1,"14":4,"15":4},"f":{"0":7,"1":3,"2":5},"b":{"0":[1],"1":[4],"2":[5,3],"3":[4,2]}}
,"C:\\Systeme-de-Gestion-de-Flotte-de-Vehicules\\services\\conducteur-service\\src\\auth\\jwt.strategy.ts": {"path":"C:\\Systeme-de-Gestion-de-Flotte-de-Vehicules\\services\\conducteur-service\\src\\auth\\jwt.strategy.ts","statementMap":{"0":{"start":{"line":1,"column":0},"end":{"line":1,"column":52}},"1":{"start":{"line":2,"column":0},"end":{"line":2,"column":52}},"2":{"start":{"line":3,"column":0},"end":{"line":3,"column":52}},"3":{"start":{"line":4,"column":0},"end":{"line":4,"column":47}},"4":{"start":{"line":5,"column":0},"end":{"line":5,"column":45}},"5":{"start":{"line":8,"column":24},"end":{"line":41,"column":null}},"6":{"start":{"line":12,"column":20},"end":{"line":12,"column":65}},"7":{"start":{"line":13,"column":19},"end":{"line":13,"column":63}},"8":{"start":{"line":15,"column":4},"end":{"line":27,"column":7}},"9":{"start":{"line":11,"column":31},"end":{"line":11,"column":46}},"10":{"start":{"line":9,"column":19},"end":{"line":9,"column":57}},"11":{"start":{"line":31,"column":18},"end":{"line":31,"column":52}},"12":{"start":{"line":32,"column":26},"end":{"line":32,"column":78}},"13":{"start":{"line":34,"column":4},"end":{"line":39,"column":6}},"14":{"start":{"line":8,"column":13},"end":{"line":8,"column":24}},"15":{"start":{"line":8,"column":13},"end":{"line":41,"column":null}}},"fnMap":{"0":{"name":"(anonymous_2)","decl":{"start":{"line":11,"column":2},"end":{"line":11,"column":31}},"loc":{"start":{"line":11,"column":59},"end":{"line":28,"column":3}}},"1":{"name":"(anonymous_3)","decl":{"start":{"line":30,"column":2},"end":{"line":30,"column":7}},"loc":{"start":{"line":30,"column":29},"end":{"line":40,"column":3}}}},"branchMap":{"0":{"loc":{"start":{"line":31,"column":18},"end":{"line":31,"column":52}},"type":"binary-expr","locations":[{"start":{"line":31,"column":18},"end":{"line":31,"column":46}},{"start":{"line":31,"column":50},"end":{"line":31,"column":52}}]},"1":{"loc":{"start":{"line":32,"column":26},"end":{"line":32,"column":78}},"type":"binary-expr","locations":[{"start":{"line":32,"column":26},"end":{"line":32,"column":72}},{"start":{"line":32,"column":76},"end":{"line":32,"column":78}}]}},"s":{"0":1,"1":1,"2":1,"3":1,"4":1,"5":1,"6":4,"7":4,"8":4,"9":4,"10":4,"11":4,"12":4,"13":4,"14":1,"15":1},"f":{"0":4,"1":4},"b":{"0":[4,2],"1":[4,2]}}
,"C:\\Systeme-de-Gestion-de-Flotte-de-Vehicules\\services\\conducteur-service\\src\\auth\\public.decorator.ts": {"path":"C:\\Systeme-de-Gestion-de-Flotte-de-Vehicules\\services\\conducteur-service\\src\\auth\\public.decorator.ts","statementMap":{"0":{"start":{"line":1,"column":0},"end":{"line":1,"column":45}},"1":{"start":{"line":2,"column":0},"end":{"line":2,"column":49}},"2":{"start":{"line":4,"column":22},"end":{"line":4,"column":60}},"3":{"start":{"line":4,"column":28},"end":{"line":4,"column":60}},"4":{"start":{"line":4,"column":13},"end":{"line":4,"column":22}}},"fnMap":{"0":{"name":"(anonymous_0)","decl":{"start":{"line":4,"column":22},"end":{"line":4,"column":25}},"loc":{"start":{"line":4,"column":28},"end":{"line":4,"column":60}}}},"branchMap":{},"s":{"0":1,"1":1,"2":1,"3":2,"4":1},"f":{"0":2},"b":{}}
,"C:\\Systeme-de-Gestion-de-Flotte-de-Vehicules\\services\\conducteur-service\\src\\auth\\roles.decorator.ts": {"path":"C:\\Systeme-de-Gestion-de-Flotte-de-Vehicules\\services\\conducteur-service\\src\\auth\\roles.decorator.ts","statementMap":{"0":{"start":{"line":1,"column":0},"end":{"line":1,"column":45}},"1":{"start":{"line":3,"column":13},"end":{"line":3,"column":33}},"2":{"start":{"line":4,"column":21},"end":{"line":4,"column":74}},"3":{"start":{"line":4,"column":45},"end":{"line":4,"column":74}},"4":{"start":{"line":4,"column":13},"end":{"line":4,"column":21}}},"fnMap":{"0":{"name":"(anonymous_0)","decl":{"start":{"line":4,"column":21},"end":{"line":4,"column":22}},"loc":{"start":{"line":4,"column":45},"end":{"line":4,"column":74}}}},"branchMap":{},"s":{"0":3,"1":3,"2":3,"3":12,"4":3},"f":{"0":12},"b":{}}
,"C:\\Systeme-de-Gestion-de-Flotte-de-Vehicules\\services\\conducteur-service\\src\\auth\\roles.guard.ts": {"path":"C:\\Systeme-de-Gestion-de-Flotte-de-Vehicules\\services\\conducteur-service\\src\\auth\\roles.guard.ts","statementMap":{"0":{"start":{"line":1,"column":0},"end":{"line":1,"column":95}},"1":{"start":{"line":2,"column":0},"end":{"line":2,"column":41}},"2":{"start":{"line":3,"column":0},"end":{"line":3,"column":46}},"3":{"start":{"line":6,"column":7},"end":{"line":33,"column":null}},"4":{"start":{"line":7,"column":22},"end":{"line":7,"column":33}},"5":{"start":{"line":10,"column":26},"end":{"line":13,"column":6}},"6":{"start":{"line":15,"column":4},"end":{"line":17,"column":5}},"7":{"start":{"line":16,"column":6},"end":{"line":16,"column":18}},"8":{"start":{"line":19,"column":21},"end":{"line":19,"column":56}},"9":{"start":{"line":20,"column":4},"end":{"line":22,"column":5}},"10":{"start":{"line":21,"column":6},"end":{"line":21,"column":77}},"11":{"start":{"line":24,"column":20},"end":{"line":24,"column":76}},"12":{"start":{"line":24,"column":49},"end":{"line":24,"column":75}},"13":{"start":{"line":25,"column":4},"end":{"line":29,"column":5}},"14":{"start":{"line":26,"column":6},"end":{"line":28,"column":8}},"15":{"start":{"line":31,"column":4},"end":{"line":31,"column":16}},"16":{"start":{"line":6,"column":13},"end":{"line":6,"column":23}},"17":{"start":{"line":6,"column":13},"end":{"line":33,"column":null}}},"fnMap":{"0":{"name":"(anonymous_2)","decl":{"start":{"line":7,"column":2},"end":{"line":7,"column":22}},"loc":{"start":{"line":7,"column":42},"end":{"line":7,"column":46}}},"1":{"name":"(anonymous_3)","decl":{"start":{"line":9,"column":2},"end":{"line":9,"column":13}},"loc":{"start":{"line":9,"column":39},"end":{"line":32,"column":3}}},"2":{"name":"(anonymous_4)","decl":{"start":{"line":24,"column":39},"end":{"line":24,"column":40}},"loc":{"start":{"line":24,"column":49},"end":{"line":24,"column":75}}}},"branchMap":{"0":{"loc":{"start":{"line":15,"column":4},"end":{"line":17,"column":5}},"type":"if","locations":[{"start":{"line":15,"column":4},"end":{"line":17,"column":5}}]},"1":{"loc":{"start":{"line":15,"column":8},"end":{"line":15,"column":52}},"type":"binary-expr","locations":[{"start":{"line":15,"column":8},"end":{"line":15,"column":22}},{"start":{"line":15,"column":26},"end":{"line":15,"column":52}}]},"2":{"loc":{"start":{"line":20,"column":4},"end":{"line":22,"column":5}},"type":"if","locations":[{"start":{"line":20,"column":4},"end":{"line":22,"column":5}}]},"3":{"loc":{"start":{"line":25,"column":4},"end":{"line":29,"column":5}},"type":"if","locations":[{"start":{"line":25,"column":4},"end":{"line":29,"column":5}}]}},"s":{"0":3,"1":3,"2":3,"3":3,"4":7,"5":9,"6":9,"7":2,"8":7,"9":7,"10":2,"11":5,"12":6,"13":5,"14":2,"15":3,"16":3,"17":3},"f":{"0":7,"1":9,"2":6},"b":{"0":[2],"1":[9,8],"2":[2],"3":[2]}}
,"C:\\Systeme-de-Gestion-de-Flotte-de-Vehicules\\services\\conducteur-service\\src\\conducteurs\\conducteurs.controller.ts": {"path":"C:\\Systeme-de-Gestion-de-Flotte-de-Vehicules\\services\\conducteur-service\\src\\conducteurs\\conducteurs.controller.ts","statementMap":{"0":{"start":{"line":1,"column":0},"end":{"line":1,"column":null}},"1":{"start":{"line":14,"column":0},"end":{"line":14,"column":null}},"2":{"start":{"line":21,"column":0},"end":{"line":21,"column":59}},"3":{"start":{"line":22,"column":0},"end":{"line":22,"column":66}},"4":{"start":{"line":23,"column":0},"end":{"line":23,"column":66}},"5":{"start":{"line":24,"column":0},"end":{"line":24,"column":54}},"6":{"start":{"line":25,"column":0},"end":{"line":25,"column":49}},"7":{"start":{"line":26,"column":0},"end":{"line":26,"column":48}},"8":{"start":{"line":32,"column":7},"end":{"line":105,"column":null}},"9":{"start":{"line":33,"column":31},"end":{"line":33,"column":51}},"10":{"start":{"line":40,"column":4},"end":{"line":40,"column":45}},"11":{"start":{"line":49,"column":4},"end":{"line":49,"column":47}},"12":{"start":{"line":59,"column":4},"end":{"line":59,"column":47}},"13":{"start":{"line":72,"column":4},"end":{"line":72,"column":51}},"14":{"start":{"line":83,"column":4},"end":{"line":83,"column":46}},"15":{"start":{"line":93,"column":4},"end":{"line":93,"column":53}},"16":{"start":{"line":103,"column":4},"end":{"line":103,"column":56}},"17":{"start":{"line":32,"column":13},"end":{"line":32,"column":34}},"18":{"start":{"line":39,"column":2},"end":{"line":41,"column":null}},"19":{"start":{"line":48,"column":2},"end":{"line":50,"column":null}},"20":{"start":{"line":58,"column":2},"end":{"line":60,"column":null}},"21":{"start":{"line":68,"column":2},"end":{"line":73,"column":null}},"22":{"start":{"line":82,"column":2},"end":{"line":84,"column":null}},"23":{"start":{"line":92,"column":2},"end":{"line":94,"column":null}},"24":{"start":{"line":102,"column":2},"end":{"line":104,"column":null}},"25":{"start":{"line":32,"column":13},"end":{"line":105,"column":null}}},"fnMap":{"0":{"name":"(anonymous_4)","decl":{"start":{"line":33,"column":2},"end":{"line":33,"column":31}},"loc":{"start":{"line":33,"column":69},"end":{"line":33,"column":73}}},"1":{"name":"(anonymous_5)","decl":{"start":{"line":39,"column":2},"end":{"line":39,"column":9}},"loc":{"start":{"line":39,"column":9},"end":{"line":41,"column":3}}},"2":{"name":"(anonymous_6)","decl":{"start":{"line":48,"column":2},"end":{"line":48,"column":8}},"loc":{"start":{"line":48,"column":41},"end":{"line":50,"column":3}}},"3":{"name":"(anonymous_7)","decl":{"start":{"line":58,"column":2},"end":{"line":58,"column":9}},"loc":{"start":{"line":58,"column":48},"end":{"line":60,"column":3}}},"4":{"name":"(anonymous_8)","decl":{"start":{"line":68,"column":2},"end":{"line":68,"column":8}},"loc":{"start":{"line":70,"column":36},"end":{"line":73,"column":3}}},"5":{"name":"(anonymous_9)","decl":{"start":{"line":82,"column":2},"end":{"line":82,"column":8}},"loc":{"start":{"line":82,"column":47},"end":{"line":84,"column":3}}},"6":{"name":"(anonymous_10)","decl":{"start":{"line":92,"column":2},"end":{"line":92,"column":15}},"loc":{"start":{"line":92,"column":54},"end":{"line":94,"column":3}}},"7":{"name":"(anonymous_11)","decl":{"start":{"line":102,"column":2},"end":{"line":102,"column":18}},"loc":{"start":{"line":102,"column":57},"end":{"line":104,"column":3}}}},"branchMap":{},"s":{"0":1,"1":1,"2":1,"3":1,"4":1,"5":1,"6":1,"7":1,"8":1,"9":8,"10":1,"11":1,"12":1,"13":1,"14":1,"15":1,"16":1,"17":1,"18":1,"19":1,"20":1,"21":1,"22":1,"23":1,"24":1,"25":1},"f":{"0":8,"1":1,"2":1,"3":1,"4":1,"5":1,"6":1,"7":1},"b":{}}
,"C:\\Systeme-de-Gestion-de-Flotte-de-Vehicules\\services\\conducteur-service\\src\\conducteurs\\conducteurs.service.ts": {"path":"C:\\Systeme-de-Gestion-de-Flotte-de-Vehicules\\services\\conducteur-service\\src\\conducteurs\\conducteurs.service.ts","statementMap":{"0":{"start":{"line":1,"column":0},"end":{"line":1,"column":null}},"1":{"start":{"line":7,"column":0},"end":{"line":7,"column":51}},"2":{"start":{"line":8,"column":0},"end":{"line":8,"column":37}},"3":{"start":{"line":9,"column":0},"end":{"line":9,"column":58}},"4":{"start":{"line":12,"column":0},"end":{"line":12,"column":49}},"5":{"start":{"line":13,"column":0},"end":{"line":13,"column":52}},"6":{"start":{"line":25,"column":31},"end":{"line":198,"column":null}},"7":{"start":{"line":30,"column":21},"end":{"line":30,"column":43}},"8":{"start":{"line":26,"column":19},"end":{"line":26,"column":64}},"9":{"start":{"line":34,"column":19},"end":{"line":34,"column":30}},"10":{"start":{"line":35,"column":17},"end":{"line":35,"column":56}},"11":{"start":{"line":36,"column":4},"end":{"line":48,"column":5}},"12":{"start":{"line":37,"column":26},"end":{"line":40,"column":8}},"13":{"start":{"line":41,"column":6},"end":{"line":41,"column":50}},"14":{"start":{"line":42,"column":6},"end":{"line":42,"column":25}},"15":{"start":{"line":44,"column":6},"end":{"line":44,"column":75}},"16":{"start":{"line":45,"column":6},"end":{"line":45,"column":16}},"17":{"start":{"line":47,"column":6},"end":{"line":47,"column":17}},"18":{"start":{"line":52,"column":19},"end":{"line":52,"column":30}},"19":{"start":{"line":53,"column":17},"end":{"line":53,"column":56}},"20":{"start":{"line":54,"column":4},"end":{"line":54,"column":43}},"21":{"start":{"line":55,"column":4},"end":{"line":70,"column":5}},"22":{"start":{"line":56,"column":25},"end":{"line":59,"column":8}},"23":{"start":{"line":60,"column":6},"end":{"line":62,"column":7}},"24":{"start":{"line":61,"column":8},"end":{"line":61,"column":67}},"25":{"start":{"line":63,"column":6},"end":{"line":63,"column":50}},"26":{"start":{"line":64,"column":6},"end":{"line":64,"column":24}},"27":{"start":{"line":66,"column":6},"end":{"line":66,"column":75}},"28":{"start":{"line":67,"column":6},"end":{"line":67,"column":16}},"29":{"start":{"line":69,"column":6},"end":{"line":69,"column":17}},"30":{"start":{"line":74,"column":19},"end":{"line":74,"column":30}},"31":{"start":{"line":75,"column":17},"end":{"line":75,"column":55}},"32":{"start":{"line":76,"column":4},"end":{"line":97,"column":5}},"33":{"start":{"line":77,"column":23},"end":{"line":79,"column":8}},"34":{"start":{"line":80,"column":6},"end":{"line":82,"column":7}},"35":{"start":{"line":81,"column":8},"end":{"line":81,"column":78}},"36":{"start":{"line":84,"column":25},"end":{"line":87,"column":8}},"37":{"start":{"line":88,"column":20},"end":{"line":88,"column":68}},"38":{"start":{"line":89,"column":6},"end":{"line":89,"column":50}},"39":{"start":{"line":90,"column":6},"end":{"line":90,"column":64}},"40":{"start":{"line":91,"column":6},"end":{"line":91,"column":19}},"41":{"start":{"line":93,"column":6},"end":{"line":93,"column":75}},"42":{"start":{"line":94,"column":6},"end":{"line":94,"column":16}},"43":{"start":{"line":96,"column":6},"end":{"line":96,"column":17}},"44":{"start":{"line":101,"column":19},"end":{"line":101,"column":30}},"45":{"start":{"line":102,"column":17},"end":{"line":102,"column":55}},"46":{"start":{"line":103,"column":4},"end":{"line":103,"column":43}},"47":{"start":{"line":104,"column":4},"end":{"line":140,"column":5}},"48":{"start":{"line":105,"column":25},"end":{"line":105,"column":47}},"49":{"start":{"line":107,"column":6},"end":{"line":114,"column":7}},"50":{"start":{"line":108,"column":25},"end":{"line":110,"column":10}},"51":{"start":{"line":111,"column":8},"end":{"line":113,"column":9}},"52":{"start":{"line":112,"column":10},"end":{"line":112,"column":84}},"53":{"start":{"line":116,"column":6},"end":{"line":123,"column":7}},"54":{"start":{"line":117,"column":25},"end":{"line":119,"column":10}},"55":{"start":{"line":120,"column":8},"end":{"line":122,"column":9}},"56":{"start":{"line":121,"column":10},"end":{"line":121,"column":95}},"57":{"start":{"line":125,"column":22},"end":{"line":130,"column":8}},"58":{"start":{"line":131,"column":20},"end":{"line":131,"column":65}},"59":{"start":{"line":132,"column":6},"end":{"line":132,"column":50}},"60":{"start":{"line":133,"column":6},"end":{"line":133,"column":54}},"61":{"start":{"line":134,"column":6},"end":{"line":134,"column":19}},"62":{"start":{"line":136,"column":6},"end":{"line":136,"column":75}},"63":{"start":{"line":137,"column":6},"end":{"line":137,"column":16}},"64":{"start":{"line":139,"column":6},"end":{"line":139,"column":17}},"65":{"start":{"line":144,"column":19},"end":{"line":144,"column":30}},"66":{"start":{"line":145,"column":17},"end":{"line":145,"column":55}},"67":{"start":{"line":146,"column":4},"end":{"line":146,"column":43}},"68":{"start":{"line":147,"column":4},"end":{"line":158,"column":5}},"69":{"start":{"line":148,"column":25},"end":{"line":148,"column":47}},"70":{"start":{"line":149,"column":6},"end":{"line":149,"column":31}},"71":{"start":{"line":150,"column":6},"end":{"line":150,"column":55}},"72":{"start":{"line":151,"column":6},"end":{"line":151,"column":50}},"73":{"start":{"line":152,"column":6},"end":{"line":152,"column":67}},"74":{"start":{"line":154,"column":6},"end":{"line":154,"column":75}},"75":{"start":{"line":155,"column":6},"end":{"line":155,"column":16}},"76":{"start":{"line":157,"column":6},"end":{"line":157,"column":17}},"77":{"start":{"line":162,"column":19},"end":{"line":162,"column":30}},"78":{"start":{"line":163,"column":17},"end":{"line":163,"column":62}},"79":{"start":{"line":164,"column":4},"end":{"line":164,"column":43}},"80":{"start":{"line":165,"column":4},"end":{"line":191,"column":5}},"81":{"start":{"line":166,"column":25},"end":{"line":166,"column":47}},"82":{"start":{"line":167,"column":18},"end":{"line":167,"column":28}},"83":{"start":{"line":168,"column":27},"end":{"line":168,"column":66}},"84":{"start":{"line":169,"column":21},"end":{"line":169,"column":59}},"85":{"start":{"line":170,"column":28},"end":{"line":170,"column":70}},"86":{"start":{"line":171,"column":21},"end":{"line":171,"column":31}},"87":{"start":{"line":173,"column":45},"end":{"line":182,"column":8}},"88":{"start":{"line":184,"column":6},"end":{"line":184,"column":50}},"89":{"start":{"line":185,"column":6},"end":{"line":185,"column":20}},"90":{"start":{"line":187,"column":6},"end":{"line":187,"column":75}},"91":{"start":{"line":188,"column":6},"end":{"line":188,"column":16}},"92":{"start":{"line":190,"column":6},"end":{"line":190,"column":17}},"93":{"start":{"line":195,"column":23},"end":{"line":195,"column":45}},"94":{"start":{"line":196,"column":4},"end":{"line":196,"column":41}},"95":{"start":{"line":25,"column":13},"end":{"line":25,"column":31}},"96":{"start":{"line":25,"column":13},"end":{"line":198,"column":null}}},"fnMap":{"0":{"name":"(anonymous_4)","decl":{"start":{"line":28,"column":2},"end":{"line":28,"column":null}},"loc":{"start":{"line":30,"column":65},"end":{"line":31,"column":6}}},"1":{"name":"(anonymous_5)","decl":{"start":{"line":33,"column":2},"end":{"line":33,"column":7}},"loc":{"start":{"line":33,"column":15},"end":{"line":49,"column":3}}},"2":{"name":"(anonymous_6)","decl":{"start":{"line":51,"column":2},"end":{"line":51,"column":7}},"loc":{"start":{"line":51,"column":26},"end":{"line":71,"column":3}}},"3":{"name":"(anonymous_7)","decl":{"start":{"line":73,"column":2},"end":{"line":73,"column":7}},"loc":{"start":{"line":73,"column":39},"end":{"line":98,"column":3}}},"4":{"name":"(anonymous_8)","decl":{"start":{"line":100,"column":2},"end":{"line":100,"column":7}},"loc":{"start":{"line":100,"column":51},"end":{"line":141,"column":3}}},"5":{"name":"(anonymous_9)","decl":{"start":{"line":143,"column":2},"end":{"line":143,"column":7}},"loc":{"start":{"line":143,"column":25},"end":{"line":159,"column":3}}},"6":{"name":"(anonymous_10)","decl":{"start":{"line":161,"column":2},"end":{"line":161,"column":7}},"loc":{"start":{"line":161,"column":32},"end":{"line":192,"column":3}}},"7":{"name":"(anonymous_11)","decl":{"start":{"line":194,"column":2},"end":{"line":194,"column":7}},"loc":{"start":{"line":194,"column":35},"end":{"line":197,"column":3}}}},"branchMap":{"0":{"loc":{"start":{"line":60,"column":6},"end":{"line":62,"column":7}},"type":"if","locations":[{"start":{"line":60,"column":6},"end":{"line":62,"column":7}}]},"1":{"loc":{"start":{"line":80,"column":6},"end":{"line":82,"column":7}},"type":"if","locations":[{"start":{"line":80,"column":6},"end":{"line":82,"column":7}}]},"2":{"loc":{"start":{"line":107,"column":6},"end":{"line":114,"column":7}},"type":"if","locations":[{"start":{"line":107,"column":6},"end":{"line":114,"column":7}}]},"3":{"loc":{"start":{"line":107,"column":10},"end":{"line":107,"column":53}},"type":"binary-expr","locations":[{"start":{"line":107,"column":10},"end":{"line":107,"column":19}},{"start":{"line":107,"column":23},"end":{"line":107,"column":53}}]},"4":{"loc":{"start":{"line":111,"column":8},"end":{"line":113,"column":9}},"type":"if","locations":[{"start":{"line":111,"column":8},"end":{"line":113,"column":9}}]},"5":{"loc":{"start":{"line":116,"column":6},"end":{"line":123,"column":7}},"type":"if","locations":[{"start":{"line":116,"column":6},"end":{"line":123,"column":7}}]},"6":{"loc":{"start":{"line":116,"column":10},"end":{"line":116,"column":74}},"type":"binary-expr","locations":[{"start":{"line":116,"column":10},"end":{"line":116,"column":26}},{"start":{"line":116,"column":30},"end":{"line":116,"column":74}}]},"7":{"loc":{"start":{"line":120,"column":8},"end":{"line":122,"column":9}},"type":"if","locations":[{"start":{"line":120,"column":8},"end":{"line":122,"column":9}}]},"8":{"loc":{"start":{"line":127,"column":28},"end":{"line":129,"column":41}},"type":"cond-expr","locations":[{"start":{"line":128,"column":12},"end":{"line":128,"column":44}},{"start":{"line":129,"column":12},"end":{"line":129,"column":41}}]},"9":{"loc":{"start":{"line":179,"column":17},"end":{"line":181,"column":69}},"type":"cond-expr","locations":[{"start":{"line":180,"column":12},"end":{"line":180,"column":59}},{"start":{"line":181,"column":12},"end":{"line":181,"column":69}}]},"10":{"loc":{"start":{"line":196,"column":11},"end":{"line":196,"column":40}},"type":"binary-expr","locations":[{"start":{"line":196,"column":11},"end":{"line":196,"column":34}},{"start":{"line":196,"column":38},"end":{"line":196,"column":40}}]}},"s":{"0":4,"1":4,"2":4,"3":4,"4":4,"5":4,"6":4,"7":15,"8":15,"9":2,"10":2,"11":2,"12":2,"13":2,"14":2,"15":0,"16":0,"17":2,"18":11,"19":11,"20":11,"21":11,"22":11,"23":11,"24":5,"25":6,"26":6,"27":5,"28":5,"29":11,"30":2,"31":2,"32":2,"33":2,"34":2,"35":1,"36":1,"37":1,"38":1,"39":1,"40":1,"41":1,"42":1,"43":2,"44":2,"45":2,"46":2,"47":2,"48":2,"49":1,"50":0,"51":0,"52":0,"53":1,"54":0,"55":0,"56":0,"57":1,"58":1,"59":1,"60":1,"61":1,"62":1,"63":1,"64":2,"65":2,"66":2,"67":2,"68":2,"69":2,"70":1,"71":1,"72":1,"73":1,"74":1,"75":1,"76":2,"77":3,"78":3,"79":3,"80":3,"81":3,"82":2,"83":2,"84":2,"85":2,"86":2,"87":2,"88":2,"89":2,"90":1,"91":1,"92":3,"93":2,"94":1,"95":4,"96":4},"f":{"0":15,"1":2,"2":11,"3":2,"4":2,"5":2,"6":3,"7":2},"b":{"0":[5],"1":[1],"2":[0],"3":[1,0],"4":[0],"5":[0],"6":[1,0],"7":[0],"8":[0,1],"9":[1,1],"10":[1,0]}}
,"C:\\Systeme-de-Gestion-de-Flotte-de-Vehicules\\services\\conducteur-service\\src\\conducteurs\\dto\\create-conducteur.dto.ts": {"path":"C:\\Systeme-de-Gestion-de-Flotte-de-Vehicules\\services\\conducteur-service\\src\\conducteurs\\dto\\create-conducteur.dto.ts","statementMap":{"0":{"start":{"line":1,"column":0},"end":{"line":1,"column":null}},"1":{"start":{"line":12,"column":0},"end":{"line":12,"column":67}},"2":{"start":{"line":13,"column":0},"end":{"line":13,"column":64}},"3":{"start":{"line":15,"column":0},"end":{"line":15,"column":13}},"4":{"start":{"line":19,"column":2},"end":{"line":19,"column":null}},"5":{"start":{"line":25,"column":2},"end":{"line":25,"column":null}},"6":{"start":{"line":31,"column":2},"end":{"line":31,"column":null}},"7":{"start":{"line":35,"column":2},"end":{"line":35,"column":null}},"8":{"start":{"line":41,"column":2},"end":{"line":41,"column":null}},"9":{"start":{"line":51,"column":2},"end":{"line":51,"column":null}},"10":{"start":{"line":58,"column":2},"end":{"line":58,"column":null}},"11":{"start":{"line":63,"column":2},"end":{"line":63,"column":null}}},"fnMap":{},"branchMap":{},"s":{"0":1,"1":1,"2":1,"3":1,"4":1,"5":1,"6":1,"7":1,"8":1,"9":1,"10":1,"11":1},"f":{},"b":{}}
,"C:\\Systeme-de-Gestion-de-Flotte-de-Vehicules\\services\\conducteur-service\\src\\conducteurs\\dto\\update-conducteur.dto.ts": {"path":"C:\\Systeme-de-Gestion-de-Flotte-de-Vehicules\\services\\conducteur-service\\src\\conducteurs\\dto\\update-conducteur.dto.ts","statementMap":{"0":{"start":{"line":1,"column":0},"end":{"line":1,"column":46}},"1":{"start":{"line":2,"column":0},"end":{"line":2,"column":62}},"2":{"start":{"line":4,"column":0},"end":{"line":4,"column":13}}},"fnMap":{},"branchMap":{},"s":{"0":1,"1":1,"2":1},"f":{},"b":{}}
,"C:\\Systeme-de-Gestion-de-Flotte-de-Vehicules\\services\\conducteur-service\\src\\conducteurs\\entities\\conducteur.entity.ts": {"path":"C:\\Systeme-de-Gestion-de-Flotte-de-Vehicules\\services\\conducteur-service\\src\\conducteurs\\entities\\conducteur.entity.ts","statementMap":{"0":{"start":{"line":1,"column":0},"end":{"line":1,"column":null}},"1":{"start":{"line":8,"column":0},"end":{"line":8,"column":77}},"2":{"start":{"line":10,"column":0},"end":{"line":10,"column":null}},"3":{"start":{"line":11,"column":2},"end":{"line":11,"column":null}},"4":{"start":{"line":12,"column":2},"end":{"line":12,"column":null}},"5":{"start":{"line":13,"column":2},"end":{"line":13,"column":null}},"6":{"start":{"line":14,"column":2},"end":{"line":14,"column":null}},"7":{"start":{"line":18,"column":7},"end":{"line":56,"column":null}},"8":{"start":{"line":18,"column":13},"end":{"line":18,"column":23}},"9":{"start":{"line":20,"column":2},"end":{"line":20,"column":null}},"10":{"start":{"line":23,"column":2},"end":{"line":23,"column":null}},"11":{"start":{"line":26,"column":2},"end":{"line":26,"column":null}},"12":{"start":{"line":29,"column":2},"end":{"line":29,"column":null}},"13":{"start":{"line":32,"column":2},"end":{"line":32,"column":null}},"14":{"start":{"line":35,"column":2},"end":{"line":35,"column":null}},"15":{"start":{"line":43,"column":2},"end":{"line":43,"column":null}},"16":{"start":{"line":46,"column":2},"end":{"line":46,"column":null}},"17":{"start":{"line":49,"column":2},"end":{"line":49,"column":null}},"18":{"start":{"line":52,"column":2},"end":{"line":52,"column":null}},"19":{"start":{"line":55,"column":2},"end":{"line":55,"column":null}},"20":{"start":{"line":54,"column":19},"end":{"line":54,"column":30}},"21":{"start":{"line":54,"column":49},"end":{"line":54,"column":71}},"22":{"start":{"line":18,"column":13},"end":{"line":56,"column":null}}},"fnMap":{"0":{"name":"(anonymous_2)","decl":{"start":{"line":10,"column":0},"end":{"line":10,"column":12}},"loc":{"start":{"line":10,"column":27},"end":{"line":15,"column":1}}},"1":{"name":"(anonymous_3)","decl":{"start":{"line":54,"column":13},"end":{"line":54,"column":16}},"loc":{"start":{"line":54,"column":19},"end":{"line":54,"column":30}}},"2":{"name":"(anonymous_4)","decl":{"start":{"line":54,"column":32},"end":{"line":54,"column":33}},"loc":{"start":{"line":54,"column":49},"end":{"line":54,"column":71}}}},"branchMap":{"0":{"loc":{"start":{"line":10,"column":12},"end":{"line":10,"column":null}},"type":"binary-expr","locations":[{"start":{"line":10,"column":12},"end":{"line":10,"column":27}},{"start":{"line":10,"column":27},"end":{"line":10,"column":null}}]}},"s":{"0":5,"1":5,"2":5,"3":5,"4":5,"5":5,"6":5,"7":5,"8":5,"9":5,"10":5,"11":5,"12":5,"13":5,"14":5,"15":5,"16":5,"17":5,"18":5,"19":5,"20":0,"21":0,"22":5},"f":{"0":5,"1":0,"2":0},"b":{"0":[5,5]}}
,"C:\\Systeme-de-Gestion-de-Flotte-de-Vehicules\\services\\conducteur-service\\src\\config\\configuration.ts": {"path":"C:\\Systeme-de-Gestion-de-Flotte-de-Vehicules\\services\\conducteur-service\\src\\config\\configuration.ts","statementMap":{"0":{"start":{"line":1,"column":0},"end":{"line":21,"column":3}},"1":{"start":{"line":1,"column":22},"end":{"line":21,"column":2}}},"fnMap":{"0":{"name":"(anonymous_0)","decl":{"start":{"line":1,"column":15},"end":{"line":1,"column":18}},"loc":{"start":{"line":1,"column":22},"end":{"line":21,"column":2}}}},"branchMap":{"0":{"loc":{"start":{"line":2,"column":8},"end":{"line":2,"column":46}},"type":"binary-expr","locations":[{"start":{"line":2,"column":8},"end":{"line":2,"column":38}},{"start":{"line":2,"column":42},"end":{"line":2,"column":46}}]},"1":{"loc":{"start":{"line":4,"column":9},"end":{"line":4,"column":98}},"type":"binary-expr","locations":[{"start":{"line":4,"column":9},"end":{"line":4,"column":33}},{"start":{"line":4,"column":37},"end":{"line":4,"column":98}}]},"2":{"loc":{"start":{"line":7,"column":12},"end":{"line":7,"column":56}},"type":"binary-expr","locations":[{"start":{"line":7,"column":12},"end":{"line":7,"column":36}},{"start":{"line":7,"column":40},"end":{"line":7,"column":56}}]},"3":{"loc":{"start":{"line":8,"column":13},"end":{"line":8,"column":69}},"type":"binary-expr","locations":[{"start":{"line":8,"column":13},"end":{"line":8,"column":39}},{"start":{"line":8,"column":43},"end":{"line":8,"column":69}}]},"4":{"loc":{"start":{"line":15,"column":12},"end":{"line":15,"column":78}},"type":"binary-expr","locations":[{"start":{"line":15,"column":12},"end":{"line":15,"column":39}},{"start":{"line":15,"column":43},"end":{"line":15,"column":78}}]},"5":{"loc":{"start":{"line":16,"column":13},"end":{"line":16,"column":111}},"type":"binary-expr","locations":[{"start":{"line":16,"column":13},"end":{"line":16,"column":42}},{"start":{"line":16,"column":46},"end":{"line":16,"column":111}}]},"6":{"loc":{"start":{"line":19,"column":20},"end":{"line":19,"column":83}},"type":"binary-expr","locations":[{"start":{"line":19,"column":20},"end":{"line":19,"column":47}},{"start":{"line":19,"column":51},"end":{"line":19,"column":83}}]}},"s":{"0":1,"1":4},"f":{"0":4},"b":{"0":[4,2],"1":[4,3],"2":[4,3],"3":[4,3],"4":[4,3],"5":[4,3],"6":[4,3]}}
,"C:\\Systeme-de-Gestion-de-Flotte-de-Vehicules\\services\\conducteur-service\\src\\health\\health.controller.ts": {"path":"C:\\Systeme-de-Gestion-de-Flotte-de-Vehicules\\services\\conducteur-service\\src\\health\\health.controller.ts","statementMap":{"0":{"start":{"line":1,"column":0},"end":{"line":1,"column":49}},"1":{"start":{"line":2,"column":0},"end":{"line":2,"column":null}},"2":{"start":{"line":7,"column":0},"end":{"line":7,"column":56}},"3":{"start":{"line":8,"column":0},"end":{"line":8,"column":50}},"4":{"start":{"line":12,"column":7},"end":{"line":37,"column":null}},"5":{"start":{"line":14,"column":21},"end":{"line":14,"column":29}},"6":{"start":{"line":15,"column":21},"end":{"line":15,"column":25}},"7":{"start":{"line":23,"column":4},"end":{"line":25,"column":7}},"8":{"start":{"line":24,"column":12},"end":{"line":24,"column":41}},"9":{"start":{"line":33,"column":4},"end":{"line":35,"column":7}},"10":{"start":{"line":34,"column":12},"end":{"line":34,"column":41}},"11":{"start":{"line":12,"column":13},"end":{"line":12,"column":29}},"12":{"start":{"line":22,"column":2},"end":{"line":26,"column":null}},"13":{"start":{"line":32,"column":2},"end":{"line":36,"column":null}},"14":{"start":{"line":12,"column":13},"end":{"line":37,"column":null}}},"fnMap":{"0":{"name":"(anonymous_2)","decl":{"start":{"line":13,"column":2},"end":{"line":13,"column":null}},"loc":{"start":{"line":15,"column":47},"end":{"line":16,"column":6}}},"1":{"name":"(anonymous_3)","decl":{"start":{"line":22,"column":2},"end":{"line":22,"column":7}},"loc":{"start":{"line":22,"column":7},"end":{"line":26,"column":3}}},"2":{"name":"(anonymous_4)","decl":{"start":{"line":24,"column":6},"end":{"line":24,"column":9}},"loc":{"start":{"line":24,"column":12},"end":{"line":24,"column":41}}},"3":{"name":"(anonymous_5)","decl":{"start":{"line":32,"column":2},"end":{"line":32,"column":16}},"loc":{"start":{"line":32,"column":16},"end":{"line":36,"column":3}}},"4":{"name":"(anonymous_6)","decl":{"start":{"line":34,"column":6},"end":{"line":34,"column":9}},"loc":{"start":{"line":34,"column":12},"end":{"line":34,"column":41}}}},"branchMap":{},"s":{"0":1,"1":1,"2":1,"3":1,"4":1,"5":4,"6":4,"7":2,"8":2,"9":2,"10":2,"11":1,"12":1,"13":1,"14":1},"f":{"0":4,"1":2,"2":2,"3":2,"4":2},"b":{}}
,"C:\\Systeme-de-Gestion-de-Flotte-de-Vehicules\\services\\conducteur-service\\src\\kafka\\kafka.consumer.ts": {"path":"C:\\Systeme-de-Gestion-de-Flotte-de-Vehicules\\services\\conducteur-service\\src\\kafka\\kafka.consumer.ts","statementMap":{"0":{"start":{"line":1,"column":0},"end":{"line":1,"column":83}},"1":{"start":{"line":2,"column":0},"end":{"line":2,"column":47}},"2":{"start":{"line":3,"column":0},"end":{"line":3,"column":62}},"3":{"start":{"line":4,"column":0},"end":{"line":4,"column":51}},"4":{"start":{"line":5,"column":0},"end":{"line":5,"column":37}},"5":{"start":{"line":6,"column":0},"end":{"line":6,"column":93}},"6":{"start":{"line":7,"column":0},"end":{"line":7,"column":49}},"7":{"start":{"line":8,"column":0},"end":{"line":8,"column":52}},"8":{"start":{"line":20,"column":26},"end":{"line":133,"column":null}},"9":{"start":{"line":27,"column":21},"end":{"line":27,"column":36}},"10":{"start":{"line":29,"column":21},"end":{"line":29,"column":44}},"11":{"start":{"line":21,"column":19},"end":{"line":21,"column":59}},"12":{"start":{"line":24,"column":10},"end":{"line":24,"column":26}},"13":{"start":{"line":33,"column":19},"end":{"line":33,"column":65}},"14":{"start":{"line":34,"column":20},"end":{"line":34,"column":67}},"15":{"start":{"line":36,"column":4},"end":{"line":43,"column":7}},"16":{"start":{"line":45,"column":4},"end":{"line":45,"column":53}},"17":{"start":{"line":46,"column":4},"end":{"line":46,"column":32}},"18":{"start":{"line":50,"column":4},"end":{"line":50,"column":25}},"19":{"start":{"line":51,"column":4},"end":{"line":54,"column":5}},"20":{"start":{"line":52,"column":6},"end":{"line":52,"column":39}},"21":{"start":{"line":53,"column":6},"end":{"line":53,"column":51}},"22":{"start":{"line":58,"column":18},"end":{"line":58,"column":80}},"23":{"start":{"line":59,"column":4},"end":{"line":73,"column":5}},"24":{"start":{"line":60,"column":6},"end":{"line":60,"column":36}},"25":{"start":{"line":61,"column":6},"end":{"line":61,"column":69}},"26":{"start":{"line":62,"column":6},"end":{"line":62,"column":26}},"27":{"start":{"line":64,"column":6},"end":{"line":68,"column":9}},"28":{"start":{"line":66,"column":10},"end":{"line":66,"column":44}},"29":{"start":{"line":70,"column":6},"end":{"line":70,"column":66}},"30":{"start":{"line":72,"column":6},"end":{"line":72,"column":83}},"31":{"start":{"line":77,"column":24},"end":{"line":77,"column":31}},"32":{"start":{"line":78,"column":19},"end":{"line":78,"column":30}},"33":{"start":{"line":79,"column":17},"end":{"line":79,"column":66}},"34":{"start":{"line":81,"column":4},"end":{"line":99,"column":5}},"35":{"start":{"line":82,"column":6},"end":{"line":82,"column":33}},"36":{"start":{"line":82,"column":26},"end":{"line":82,"column":33}},"37":{"start":{"line":84,"column":42},"end":{"line":84,"column":78}},"38":{"start":{"line":85,"column":6},"end":{"line":85,"column":100}},"39":{"start":{"line":87,"column":6},"end":{"line":91,"column":7}},"40":{"start":{"line":88,"column":8},"end":{"line":88,"column":48}},"41":{"start":{"line":89,"column":13},"end":{"line":91,"column":7}},"42":{"start":{"line":90,"column":8},"end":{"line":90,"column":49}},"43":{"start":{"line":93,"column":6},"end":{"line":93,"column":50}},"44":{"start":{"line":95,"column":6},"end":{"line":95,"column":75}},"45":{"start":{"line":96,"column":6},"end":{"line":96,"column":86}},"46":{"start":{"line":98,"column":6},"end":{"line":98,"column":17}},"47":{"start":{"line":103,"column":24},"end":{"line":105,"column":6}},"48":{"start":{"line":107,"column":4},"end":{"line":110,"column":5}},"49":{"start":{"line":108,"column":6},"end":{"line":108,"column":74}},"50":{"start":{"line":109,"column":6},"end":{"line":109,"column":13}},"51":{"start":{"line":112,"column":4},"end":{"line":112,"column":52}},"52":{"start":{"line":113,"column":4},"end":{"line":113,"column":55}},"53":{"start":{"line":114,"column":4},"end":{"line":114,"column":99}},"54":{"start":{"line":118,"column":24},"end":{"line":120,"column":6}},"55":{"start":{"line":122,"column":4},"end":{"line":125,"column":5}},"56":{"start":{"line":123,"column":6},"end":{"line":123,"column":74}},"57":{"start":{"line":124,"column":6},"end":{"line":124,"column":13}},"58":{"start":{"line":127,"column":4},"end":{"line":127,"column":51}},"59":{"start":{"line":128,"column":4},"end":{"line":128,"column":55}},"60":{"start":{"line":129,"column":4},"end":{"line":131,"column":6}},"61":{"start":{"line":20,"column":13},"end":{"line":20,"column":26}},"62":{"start":{"line":20,"column":13},"end":{"line":133,"column":null}}},"fnMap":{"0":{"name":"(anonymous_4)","decl":{"start":{"line":26,"column":2},"end":{"line":26,"column":null}},"loc":{"start":{"line":29,"column":67},"end":{"line":30,"column":6}}},"1":{"name":"(anonymous_5)","decl":{"start":{"line":32,"column":2},"end":{"line":32,"column":7}},"loc":{"start":{"line":32,"column":20},"end":{"line":47,"column":3}}},"2":{"name":"(anonymous_6)","decl":{"start":{"line":49,"column":2},"end":{"line":49,"column":7}},"loc":{"start":{"line":49,"column":23},"end":{"line":55,"column":3}}},"3":{"name":"(anonymous_7)","decl":{"start":{"line":57,"column":10},"end":{"line":57,"column":15}},"loc":{"start":{"line":57,"column":30},"end":{"line":74,"column":3}}},"4":{"name":"(anonymous_8)","decl":{"start":{"line":65,"column":21},"end":{"line":65,"column":26}},"loc":{"start":{"line":65,"column":59},"end":{"line":67,"column":9}}},"5":{"name":"(anonymous_9)","decl":{"start":{"line":76,"column":10},"end":{"line":76,"column":15}},"loc":{"start":{"line":76,"column":57},"end":{"line":100,"column":3}}},"6":{"name":"(anonymous_10)","decl":{"start":{"line":102,"column":10},"end":{"line":102,"column":15}},"loc":{"start":{"line":102,"column":65},"end":{"line":115,"column":3}}},"7":{"name":"(anonymous_11)","decl":{"start":{"line":117,"column":10},"end":{"line":117,"column":15}},"loc":{"start":{"line":117,"column":66},"end":{"line":132,"column":3}}}},"branchMap":{"0":{"loc":{"start":{"line":51,"column":4},"end":{"line":54,"column":5}},"type":"if","locations":[{"start":{"line":51,"column":4},"end":{"line":54,"column":5}}]},"1":{"loc":{"start":{"line":82,"column":6},"end":{"line":82,"column":33}},"type":"if","locations":[{"start":{"line":82,"column":6},"end":{"line":82,"column":33}}]},"2":{"loc":{"start":{"line":87,"column":6},"end":{"line":91,"column":7}},"type":"if","locations":[{"start":{"line":87,"column":6},"end":{"line":91,"column":7}},{"start":{"line":89,"column":13},"end":{"line":91,"column":7}}]},"3":{"loc":{"start":{"line":89,"column":13},"end":{"line":91,"column":7}},"type":"if","locations":[{"start":{"line":89,"column":13},"end":{"line":91,"column":7}}]},"4":{"loc":{"start":{"line":107,"column":4},"end":{"line":110,"column":5}},"type":"if","locations":[{"start":{"line":107,"column":4},"end":{"line":110,"column":5}}]},"5":{"loc":{"start":{"line":122,"column":4},"end":{"line":125,"column":5}},"type":"if","locations":[{"start":{"line":122,"column":4},"end":{"line":125,"column":5}}]},"6":{"loc":{"start":{"line":130,"column":61},"end":{"line":130,"column":87}},"type":"binary-expr","locations":[{"start":{"line":130,"column":61},"end":{"line":130,"column":73}},{"start":{"line":130,"column":77},"end":{"line":130,"column":87}}]}},"s":{"0":1,"1":1,"2":1,"3":1,"4":1,"5":1,"6":1,"7":1,"8":1,"9":9,"10":9,"11":9,"12":9,"13":9,"14":9,"15":9,"16":9,"17":9,"18":1,"19":1,"20":1,"21":1,"22":9,"23":9,"24":9,"25":8,"26":8,"27":8,"28":6,"29":8,"30":1,"31":6,"32":6,"33":6,"34":6,"35":6,"36":1,"37":5,"38":4,"39":4,"40":2,"41":2,"42":2,"43":4,"44":1,"45":1,"46":6,"47":2,"48":2,"49":1,"50":1,"51":1,"52":1,"53":1,"54":2,"55":2,"56":1,"57":1,"58":1,"59":1,"60":1,"61":1,"62":1},"f":{"0":9,"1":9,"2":1,"3":9,"4":6,"5":6,"6":2,"7":2},"b":{"0":[1],"1":[1],"2":[2,2],"3":[2],"4":[1],"5":[1],"6":[1,0]}}
,"C:\\Systeme-de-Gestion-de-Flotte-de-Vehicules\\services\\conducteur-service\\src\\kafka\\kafka.producer.ts": {"path":"C:\\Systeme-de-Gestion-de-Flotte-de-Vehicules\\services\\conducteur-service\\src\\kafka\\kafka.producer.ts","statementMap":{"0":{"start":{"line":1,"column":0},"end":{"line":1,"column":83}},"1":{"start":{"line":2,"column":0},"end":{"line":2,"column":47}},"2":{"start":{"line":3,"column":0},"end":{"line":3,"column":60}},"3":{"start":{"line":4,"column":0},"end":{"line":4,"column":49}},"4":{"start":{"line":5,"column":0},"end":{"line":5,"column":52}},"5":{"start":{"line":18,"column":26},"end":{"line":93,"column":null}},"6":{"start":{"line":24,"column":31},"end":{"line":24,"column":46}},"7":{"start":{"line":19,"column":19},"end":{"line":19,"column":59}},"8":{"start":{"line":22,"column":10},"end":{"line":22,"column":28}},"9":{"start":{"line":27,"column":19},"end":{"line":27,"column":65}},"10":{"start":{"line":28,"column":4},"end":{"line":35,"column":7}},"11":{"start":{"line":36,"column":4},"end":{"line":36,"column":42}},"12":{"start":{"line":37,"column":4},"end":{"line":37,"column":25}},"13":{"start":{"line":41,"column":4},"end":{"line":44,"column":5}},"14":{"start":{"line":42,"column":6},"end":{"line":42,"column":39}},"15":{"start":{"line":43,"column":6},"end":{"line":43,"column":51}},"16":{"start":{"line":48,"column":4},"end":{"line":54,"column":5}},"17":{"start":{"line":49,"column":6},"end":{"line":49,"column":36}},"18":{"start":{"line":50,"column":6},"end":{"line":50,"column":28}},"19":{"start":{"line":51,"column":6},"end":{"line":51,"column":49}},"20":{"start":{"line":53,"column":6},"end":{"line":53,"column":77}},"21":{"start":{"line":58,"column":18},"end":{"line":58,"column":84}},"22":{"start":{"line":59,"column":19},"end":{"line":59,"column":30}},"23":{"start":{"line":60,"column":17},"end":{"line":60,"column":70}},"24":{"start":{"line":62,"column":4},"end":{"line":91,"column":5}},"25":{"start":{"line":63,"column":6},"end":{"line":65,"column":7}},"26":{"start":{"line":64,"column":8},"end":{"line":64,"column":29}},"27":{"start":{"line":67,"column":6},"end":{"line":81,"column":9}},"28":{"start":{"line":83,"column":6},"end":{"line":83,"column":50}},"29":{"start":{"line":84,"column":6},"end":{"line":84,"column":86}},"30":{"start":{"line":86,"column":6},"end":{"line":86,"column":75}},"31":{"start":{"line":87,"column":6},"end":{"line":87,"column":79}},"32":{"start":{"line":88,"column":6},"end":{"line":88,"column":16}},"33":{"start":{"line":90,"column":6},"end":{"line":90,"column":17}},"34":{"start":{"line":18,"column":13},"end":{"line":18,"column":26}},"35":{"start":{"line":18,"column":13},"end":{"line":93,"column":null}}},"fnMap":{"0":{"name":"(anonymous_2)","decl":{"start":{"line":24,"column":2},"end":{"line":24,"column":31}},"loc":{"start":{"line":24,"column":59},"end":{"line":24,"column":63}}},"1":{"name":"(anonymous_3)","decl":{"start":{"line":26,"column":2},"end":{"line":26,"column":7}},"loc":{"start":{"line":26,"column":20},"end":{"line":38,"column":3}}},"2":{"name":"(anonymous_4)","decl":{"start":{"line":40,"column":2},"end":{"line":40,"column":7}},"loc":{"start":{"line":40,"column":23},"end":{"line":45,"column":3}}},"3":{"name":"(anonymous_5)","decl":{"start":{"line":47,"column":10},"end":{"line":47,"column":15}},"loc":{"start":{"line":47,"column":23},"end":{"line":55,"column":3}}},"4":{"name":"(anonymous_6)","decl":{"start":{"line":57,"column":2},"end":{"line":57,"column":7}},"loc":{"start":{"line":57,"column":66},"end":{"line":92,"column":3}}}},"branchMap":{"0":{"loc":{"start":{"line":41,"column":4},"end":{"line":44,"column":5}},"type":"if","locations":[{"start":{"line":41,"column":4},"end":{"line":44,"column":5}}]},"1":{"loc":{"start":{"line":63,"column":6},"end":{"line":65,"column":7}},"type":"if","locations":[{"start":{"line":63,"column":6},"end":{"line":65,"column":7}}]}},"s":{"0":2,"1":2,"2":2,"3":2,"4":2,"5":2,"6":0,"7":0,"8":0,"9":0,"10":0,"11":0,"12":0,"13":0,"14":0,"15":0,"16":0,"17":0,"18":0,"19":0,"20":0,"21":0,"22":0,"23":0,"24":0,"25":0,"26":0,"27":0,"28":0,"29":0,"30":0,"31":0,"32":0,"33":0,"34":2,"35":2},"f":{"0":0,"1":0,"2":0,"3":0,"4":0},"b":{"0":[0],"1":[0]}}
}
