TN:
SF:src\assignations\assignations.controller.ts
FN:31,(anonymous_4)
FN:37,(anonymous_5)
FN:47,(anonymous_6)
FN:57,(anonymous_7)
FN:68,(anonymous_8)
FN:79,(anonymous_9)
FNF:6
FNH:6
FNDA:6,(anonymous_4)
FNDA:1,(anonymous_5)
FNDA:1,(anonymous_6)
FNDA:1,(anonymous_7)
FNDA:1,(anonymous_8)
FNDA:1,(anonymous_9)
DA:1,1
DA:13,1
DA:20,1
DA:21,1
DA:22,1
DA:23,1
DA:24,1
DA:30,1
DA:31,6
DA:37,1
DA:38,1
DA:47,1
DA:48,1
DA:57,1
DA:58,1
DA:68,1
DA:69,1
DA:79,1
DA:80,1
LF:19
LH:19
BRF:0
BRH:0
end_of_record
TN:
SF:src\assignations\assignations.service.ts
FN:21,(anonymous_4)
FN:28,(anonymous_5)
FN:46,(anonymous_6)
FN:68,(anonymous_7)
FN:112,(anonymous_8)
FN:143,(anonymous_9)
FN:170,(anonymous_10)
FNF:7
FNH:6
FNDA:14,(anonymous_4)
FNDA:2,(anonymous_5)
FNDA:9,(anonymous_6)
FNDA:3,(anonymous_7)
FNDA:4,(anonymous_8)
FNDA:3,(anonymous_9)
FNDA:0,(anonymous_10)
DA:1,2
DA:7,2
DA:8,2
DA:9,2
DA:12,2
DA:13,2
DA:14,2
DA:15,2
DA:18,2
DA:19,14
DA:23,14
DA:24,14
DA:25,14
DA:29,2
DA:30,2
DA:31,2
DA:32,2
DA:36,2
DA:37,2
DA:39,0
DA:40,0
DA:42,2
DA:47,9
DA:48,9
DA:49,9
DA:50,9
DA:51,9
DA:55,9
DA:56,2
DA:58,7
DA:59,7
DA:61,2
DA:62,2
DA:64,9
DA:69,3
DA:70,3
DA:71,3
DA:72,3
DA:74,2
DA:75,2
DA:76,1
DA:81,1
DA:89,1
DA:91,1
DA:101,1
DA:102,1
DA:103,1
DA:105,2
DA:106,2
DA:108,3
DA:113,4
DA:114,4
DA:115,4
DA:116,4
DA:117,4
DA:119,3
DA:120,1
DA:122,2
DA:123,1
DA:126,1
DA:127,1
DA:128,1
DA:131,1
DA:132,1
DA:133,1
DA:134,1
DA:136,3
DA:137,3
DA:139,4
DA:144,3
DA:145,3
DA:146,3
DA:147,3
DA:148,3
DA:150,3
DA:151,1
DA:153,2
DA:154,1
DA:157,1
DA:158,1
DA:159,1
DA:160,1
DA:161,1
DA:163,2
DA:164,2
DA:166,3
DA:171,0
DA:172,0
DA:177,0
LF:89
LH:84
BRDA:55,0,0,2
BRDA:75,1,0,1
BRDA:85,2,0,0
BRDA:85,2,1,1
BRDA:119,3,0,1
BRDA:122,4,0,1
BRDA:127,5,0,1
BRDA:150,6,0,1
BRDA:153,7,0,1
BRDA:174,8,0,0
BRDA:174,8,1,0
BRDA:175,9,0,0
BRDA:175,9,1,0
BRF:13
BRH:8
end_of_record
TN:
SF:src\assignations\dto\create-assignation.dto.ts
FNF:0
FNH:0
DA:1,1
DA:7,1
DA:8,1
DA:10,1
DA:13,1
DA:17,1
DA:21,1
DA:26,1
DA:35,1
LF:9
LH:9
BRF:0
BRH:0
end_of_record
TN:
SF:src\assignations\dto\update-assignation.dto.ts
FNF:0
FNH:0
DA:1,0
DA:2,0
DA:4,0
LF:3
LH:0
BRF:0
BRH:0
end_of_record
TN:
SF:src\assignations\entities\assignation.entity.ts
FN:12,(anonymous_2)
FN:47,(anonymous_3)
FN:47,(anonymous_4)
FNF:3
FNH:1
FNDA:5,(anonymous_2)
FNDA:0,(anonymous_3)
FNDA:0,(anonymous_4)
DA:1,5
DA:10,5
DA:12,5
DA:13,5
DA:14,5
DA:15,5
DA:16,5
DA:21,5
DA:23,5
DA:26,5
DA:29,5
DA:32,5
DA:35,5
DA:42,5
DA:45,5
DA:47,0
DA:49,5
LF:17
LH:16
BRDA:12,0,0,5
BRDA:12,0,1,5
BRF:2
BRH:2
end_of_record
TN:
SF:src\auth\jwt-auth.guard.ts
FN:9,(anonymous_2)
FN:13,(anonymous_3)
FN:26,(anonymous_4)
FNF:3
FNH:3
FNDA:7,(anonymous_2)
FNDA:3,(anonymous_3)
FNDA:5,(anonymous_4)
DA:1,4
DA:2,4
DA:3,4
DA:5,4
DA:8,4
DA:9,7
DA:10,7
DA:14,3
DA:19,3
DA:20,1
DA:23,2
DA:27,5
DA:28,4
DA:30,1
LF:14
LH:14
BRDA:19,0,0,1
BRDA:27,1,0,4
BRDA:27,2,0,5
BRDA:27,2,1,3
BRDA:28,3,0,4
BRDA:28,3,1,2
BRF:6
BRH:6
end_of_record
TN:
SF:src\auth\jwt.strategy.ts
FN:11,(anonymous_2)
FN:30,(anonymous_3)
FNF:2
FNH:2
FNDA:4,(anonymous_2)
FNDA:4,(anonymous_3)
DA:1,1
DA:2,1
DA:3,1
DA:4,1
DA:5,1
DA:8,1
DA:9,4
DA:11,4
DA:12,4
DA:13,4
DA:15,4
DA:31,4
DA:32,4
DA:34,4
LF:14
LH:14
BRDA:31,0,0,4
BRDA:31,0,1,2
BRDA:32,1,0,4
BRDA:32,1,1,2
BRF:4
BRH:4
end_of_record
TN:
SF:src\auth\public.decorator.ts
FN:4,(anonymous_0)
FNF:1
FNH:1
FNDA:2,(anonymous_0)
DA:1,1
DA:2,1
DA:4,2
LF:3
LH:3
BRF:0
BRH:0
end_of_record
TN:
SF:src\auth\roles.decorator.ts
FN:4,(anonymous_0)
FNF:1
FNH:1
FNDA:12,(anonymous_0)
DA:1,3
DA:3,3
DA:4,12
LF:3
LH:3
BRF:0
BRH:0
end_of_record
TN:
SF:src\auth\roles.guard.ts
FN:7,(anonymous_2)
FN:9,(anonymous_3)
FN:24,(anonymous_4)
FNF:3
FNH:3
FNDA:7,(anonymous_2)
FNDA:9,(anonymous_3)
FNDA:6,(anonymous_4)
DA:1,3
DA:2,3
DA:3,3
DA:6,3
DA:7,7
DA:10,9
DA:15,9
DA:16,2
DA:19,7
DA:20,7
DA:21,2
DA:24,6
DA:25,5
DA:26,2
DA:31,3
LF:15
LH:15
BRDA:15,0,0,2
BRDA:15,1,0,9
BRDA:15,1,1,8
BRDA:20,2,0,2
BRDA:25,3,0,2
BRF:5
BRH:5
end_of_record
TN:
SF:src\conducteurs\conducteurs.controller.ts
FN:33,(anonymous_4)
FN:39,(anonymous_5)
FN:48,(anonymous_6)
FN:58,(anonymous_7)
FN:68,(anonymous_8)
FN:82,(anonymous_9)
FN:92,(anonymous_10)
FN:102,(anonymous_11)
FNF:8
FNH:8
FNDA:8,(anonymous_4)
FNDA:1,(anonymous_5)
FNDA:1,(anonymous_6)
FNDA:1,(anonymous_7)
FNDA:1,(anonymous_8)
FNDA:1,(anonymous_9)
FNDA:1,(anonymous_10)
FNDA:1,(anonymous_11)
DA:1,1
DA:14,1
DA:21,1
DA:22,1
DA:23,1
DA:24,1
DA:25,1
DA:26,1
DA:32,1
DA:33,8
DA:39,1
DA:40,1
DA:48,1
DA:49,1
DA:58,1
DA:59,1
DA:68,1
DA:72,1
DA:82,1
DA:83,1
DA:92,1
DA:93,1
DA:102,1
DA:103,1
LF:24
LH:24
BRF:0
BRH:0
end_of_record
TN:
SF:src\conducteurs\conducteurs.service.ts
FN:28,(anonymous_4)
FN:33,(anonymous_5)
FN:51,(anonymous_6)
FN:73,(anonymous_7)
FN:100,(anonymous_8)
FN:143,(anonymous_9)
FN:161,(anonymous_10)
FN:194,(anonymous_11)
FNF:8
FNH:8
FNDA:15,(anonymous_4)
FNDA:2,(anonymous_5)
FNDA:11,(anonymous_6)
FNDA:2,(anonymous_7)
FNDA:2,(anonymous_8)
FNDA:2,(anonymous_9)
FNDA:3,(anonymous_10)
FNDA:2,(anonymous_11)
DA:1,4
DA:7,4
DA:8,4
DA:9,4
DA:12,4
DA:13,4
DA:25,4
DA:26,15
DA:30,15
DA:34,2
DA:35,2
DA:36,2
DA:37,2
DA:41,2
DA:42,2
DA:44,0
DA:45,0
DA:47,2
DA:52,11
DA:53,11
DA:54,11
DA:55,11
DA:56,11
DA:60,11
DA:61,5
DA:63,6
DA:64,6
DA:66,5
DA:67,5
DA:69,11
DA:74,2
DA:75,2
DA:76,2
DA:77,2
DA:80,2
DA:81,1
DA:84,1
DA:88,1
DA:89,1
DA:90,1
DA:91,1
DA:93,1
DA:94,1
DA:96,2
DA:101,2
DA:102,2
DA:103,2
DA:104,2
DA:105,2
DA:107,1
DA:108,0
DA:111,0
DA:112,0
DA:116,1
DA:117,0
DA:120,0
DA:121,0
DA:125,1
DA:131,1
DA:132,1
DA:133,1
DA:134,1
DA:136,1
DA:137,1
DA:139,2
DA:144,2
DA:145,2
DA:146,2
DA:147,2
DA:148,2
DA:149,1
DA:150,1
DA:151,1
DA:152,1
DA:154,1
DA:155,1
DA:157,2
DA:162,3
DA:163,3
DA:164,3
DA:165,3
DA:166,3
DA:167,2
DA:168,2
DA:169,2
DA:170,2
DA:171,2
DA:173,2
DA:184,2
DA:185,2
DA:187,1
DA:188,1
DA:190,3
DA:195,2
DA:196,1
LF:95
LH:87
BRDA:60,0,0,5
BRDA:80,1,0,1
BRDA:107,2,0,0
BRDA:107,3,0,1
BRDA:107,3,1,0
BRDA:111,4,0,0
BRDA:116,5,0,0
BRDA:116,6,0,1
BRDA:116,6,1,0
BRDA:120,7,0,0
BRDA:127,8,0,0
BRDA:127,8,1,1
BRDA:179,9,0,1
BRDA:179,9,1,1
BRDA:196,10,0,1
BRDA:196,10,1,0
BRF:16
BRH:8
end_of_record
TN:
SF:src\conducteurs\dto\create-conducteur.dto.ts
FNF:0
FNH:0
DA:1,1
DA:12,1
DA:13,1
DA:15,1
DA:19,1
DA:25,1
DA:31,1
DA:35,1
DA:41,1
DA:51,1
DA:58,1
DA:63,1
LF:12
LH:12
BRF:0
BRH:0
end_of_record
TN:
SF:src\conducteurs\dto\update-conducteur.dto.ts
FNF:0
FNH:0
DA:1,1
DA:2,1
DA:4,1
LF:3
LH:3
BRF:0
BRH:0
end_of_record
TN:
SF:src\conducteurs\entities\conducteur.entity.ts
FN:10,(anonymous_2)
FN:54,(anonymous_3)
FN:54,(anonymous_4)
FNF:3
FNH:1
FNDA:5,(anonymous_2)
FNDA:0,(anonymous_3)
FNDA:0,(anonymous_4)
DA:1,5
DA:8,5
DA:10,5
DA:11,5
DA:12,5
DA:13,5
DA:14,5
DA:18,5
DA:20,5
DA:23,5
DA:26,5
DA:29,5
DA:32,5
DA:35,5
DA:43,5
DA:46,5
DA:49,5
DA:52,5
DA:54,0
DA:55,5
LF:20
LH:19
BRDA:10,0,0,5
BRDA:10,0,1,5
BRF:2
BRH:2
end_of_record
TN:
SF:src\config\configuration.ts
FN:1,(anonymous_0)
FNF:1
FNH:1
FNDA:4,(anonymous_0)
DA:1,4
LF:1
LH:1
BRDA:2,0,0,4
BRDA:2,0,1,2
BRDA:4,1,0,4
BRDA:4,1,1,3
BRDA:7,2,0,4
BRDA:7,2,1,3
BRDA:8,3,0,4
BRDA:8,3,1,3
BRDA:15,4,0,4
BRDA:15,4,1,3
BRDA:16,5,0,4
BRDA:16,5,1,3
BRDA:19,6,0,4
BRDA:19,6,1,3
BRF:14
BRH:14
end_of_record
TN:
SF:src\health\health.controller.ts
FN:13,(anonymous_2)
FN:22,(anonymous_3)
FN:24,(anonymous_4)
FN:32,(anonymous_5)
FN:34,(anonymous_6)
FNF:5
FNH:5
FNDA:4,(anonymous_2)
FNDA:2,(anonymous_3)
FNDA:2,(anonymous_4)
FNDA:2,(anonymous_5)
FNDA:2,(anonymous_6)
DA:1,1
DA:2,1
DA:7,1
DA:8,1
DA:12,1
DA:14,4
DA:15,4
DA:22,1
DA:23,2
DA:24,2
DA:32,1
DA:33,2
DA:34,2
LF:13
LH:13
BRF:0
BRH:0
end_of_record
TN:
SF:src\kafka\kafka.consumer.ts
FN:26,(anonymous_4)
FN:32,(anonymous_5)
FN:49,(anonymous_6)
FN:57,(anonymous_7)
FN:65,(anonymous_8)
FN:76,(anonymous_9)
FN:102,(anonymous_10)
FN:117,(anonymous_11)
FNF:8
FNH:8
FNDA:9,(anonymous_4)
FNDA:9,(anonymous_5)
FNDA:1,(anonymous_6)
FNDA:9,(anonymous_7)
FNDA:6,(anonymous_8)
FNDA:6,(anonymous_9)
FNDA:2,(anonymous_10)
FNDA:2,(anonymous_11)
DA:1,1
DA:2,1
DA:3,1
DA:4,1
DA:5,1
DA:6,1
DA:7,1
DA:8,1
DA:20,1
DA:21,9
DA:24,9
DA:27,9
DA:29,9
DA:33,9
DA:34,9
DA:36,9
DA:45,9
DA:46,9
DA:50,1
DA:51,1
DA:52,1
DA:53,1
DA:58,9
DA:59,9
DA:60,9
DA:61,8
DA:62,8
DA:64,8
DA:66,6
DA:70,8
DA:72,1
DA:77,6
DA:78,6
DA:79,6
DA:81,6
DA:82,6
DA:84,5
DA:85,4
DA:87,4
DA:88,2
DA:89,2
DA:90,2
DA:93,4
DA:95,1
DA:96,1
DA:98,6
DA:103,2
DA:107,2
DA:108,1
DA:109,1
DA:112,1
DA:113,1
DA:114,1
DA:118,2
DA:122,2
DA:123,1
DA:124,1
DA:127,1
DA:128,1
DA:129,1
LF:60
LH:60
BRDA:51,0,0,1
BRDA:82,1,0,1
BRDA:87,2,0,2
BRDA:87,2,1,2
BRDA:89,3,0,2
BRDA:107,4,0,1
BRDA:122,5,0,1
BRDA:130,6,0,1
BRDA:130,6,1,0
BRF:9
BRH:8
end_of_record
TN:
SF:src\kafka\kafka.producer.ts
FN:24,(anonymous_2)
FN:26,(anonymous_3)
FN:40,(anonymous_4)
FN:47,(anonymous_5)
FN:57,(anonymous_6)
FNF:5
FNH:0
FNDA:0,(anonymous_2)
FNDA:0,(anonymous_3)
FNDA:0,(anonymous_4)
FNDA:0,(anonymous_5)
FNDA:0,(anonymous_6)
DA:1,2
DA:2,2
DA:3,2
DA:4,2
DA:5,2
DA:18,2
DA:19,0
DA:22,0
DA:24,0
DA:27,0
DA:28,0
DA:36,0
DA:37,0
DA:41,0
DA:42,0
DA:43,0
DA:48,0
DA:49,0
DA:50,0
DA:51,0
DA:53,0
DA:58,0
DA:59,0
DA:60,0
DA:62,0
DA:63,0
DA:64,0
DA:67,0
DA:83,0
DA:84,0
DA:86,0
DA:87,0
DA:88,0
DA:90,0
LF:34
LH:6
BRDA:41,0,0,0
BRDA:63,1,0,0
BRF:2
BRH:0
end_of_record
